<?xml version="1.0" encoding="UTF-8"?>
<!-- Generated by org.testng.reporters.JUnitXMLReporter -->
<testsuite hostname="DESKTOP-I1MH8RV" name="Test1" tests="6" failures="0" timestamp="23 Jan 2021 16:36:15 GMT" time="0.296" errors="0">
  <testcase name="testOne" time="0.093" classname="listeners.TestNGListenersDemo"/>
  <testcase name="testThree" time="0.009" classname="listeners.TestNGListenersDemo"/>
  <testcase name="testTwo" time="0.021" classname="listeners.TestNGListenersDemo"/>
  <testcase name="testFive" time="0.013" classname="listeners.TestNGListenersDemo2"/>
  <testcase name="testFour" time="0.016" classname="listeners.TestNGListenersDemo2"/>
  <testcase name="testSix" time="0.015" classname="listeners.TestNGListenersDemo2"/>
</testsuite> <!-- Test1 -->
